
C:\Windows\SysWOW64>echo on 

C:\Windows\SysWOW64>set OSGEO4W_ROOT=C:\Program Files\QGIS 3.40.9\etc\ 

C:\Windows\SysWOW64>set OSGEO4W_ROOT=C:\Program Files\QGIS 3.40.9\ 

C:\Windows\SysWOW64>set OSGEO4W_STARTMENU=C:\ProgramData\Microsoft\Windows\Start Menu\Programs\QGIS 3.40.9\ 

C:\Windows\SysWOW64>set OSGEO4W_DESKTOP=C:\Users\Public\Desktop\QGIS 3.40.9\ 

C:\Windows\SysWOW64>set OSGEO4W_DESKTOP_LINKS=1 

C:\Windows\SysWOW64>if not defined OSGEO4W_DESKTOP_LINKS set OSGEO4W_DESKTOP_LINKS=0 

C:\Windows\SysWOW64>set OSGEO4W_MENU_LINKS=1 

C:\Windows\SysWOW64>if not defined OSGEO4W_MENU_LINKS set OSGEO4W_MENU_LINKS=0 

C:\Windows\SysWOW64>for %i in ("C:\Program Files\QGIS 3.40.9\") do set OSGEO4W_ROOT=%~fsi 

C:\Windows\SysWOW64>set OSGEO4W_ROOT=C:\PROGRA~1\QGIS34~1.9\ 

C:\Windows\SysWOW64>if "\" == "\" set OSGEO4W_ROOT=C:\PROGRA~1\QGIS34~1.9 

C:\Windows\SysWOW64>if "\" == "\" set OSGEO4W_STARTMENU=C:\ProgramData\Microsoft\Windows\Start Menu\Programs\QGIS 3.40.9 

C:\Windows\SysWOW64>if "\" == "\" set OSGEO4W_DESKTOP=C:\Users\Public\Desktop\QGIS 3.40.9 

C:\Windows\SysWOW64>if not 1 == 0 if not exist "C:\Users\Public\Desktop\QGIS 3.40.9" mkdir "C:\Users\Public\Desktop\QGIS 3.40.9" 

C:\Windows\SysWOW64>if not 1 == 0 if not exist "C:\ProgramData\Microsoft\Windows\Start Menu\Programs\QGIS 3.40.9" mkdir "C:\ProgramData\Microsoft\Windows\Start Menu\Programs\QGIS 3.40.9" 

C:\Windows\SysWOW64>set OSGEO4W_ROOT_MSYS=C:/PROGRA~1/QGIS34~1.9 

C:\Windows\SysWOW64>if ":" == ":" set OSGEO4W_ROOT_MSYS=/C/PROGRA~1/QGIS34~1.9 

C:\Windows\SysWOW64>if exist "C:\PROGRA~1\QGIS34~1.9\etc\preremove-conf.bat" del "C:\PROGRA~1\QGIS34~1.9\etc\preremove-conf.bat" 

C:\Windows\SysWOW64>echo set OSGEO4W_ROOT=C:\PROGRA~1\QGIS34~1.9 1>>"C:\PROGRA~1\QGIS34~1.9\etc\preremove-conf.bat" 

C:\Windows\SysWOW64>echo set OSGEO4W_ROOT_MSYS=/C/PROGRA~1/QGIS34~1.9 1>>"C:\PROGRA~1\QGIS34~1.9\etc\preremove-conf.bat" 

C:\Windows\SysWOW64>echo set OSGEO4W_STARTMENU=C:\ProgramData\Microsoft\Windows\Start Menu\Programs\QGIS 3.40.9 1>>"C:\PROGRA~1\QGIS34~1.9\etc\preremove-conf.bat" 

C:\Windows\SysWOW64>echo set OSGEO4W_DESKTOP=C:\Users\Public\Desktop\QGIS 3.40.9 1>>"C:\PROGRA~1\QGIS34~1.9\etc\preremove-conf.bat" 

C:\Windows\SysWOW64>echo set OSGEO4W_MENU_LINKS=1 1>>"C:\PROGRA~1\QGIS34~1.9\etc\preremove-conf.bat" 

C:\Windows\SysWOW64>echo set OSGEO4W_DESKTOP_LINKS=1 1>>"C:\PROGRA~1\QGIS34~1.9\etc\preremove-conf.bat" 

23.07.2025  1:24:15,32: Running postinstall
--------------------------------------------------------------------------------

C:\Windows\SysWOW64>type "C:\PROGRA~1\QGIS34~1.9\etc\preremove-conf.bat" 
set OSGEO4W_ROOT=C:\PROGRA~1\QGIS34~1.9
set OSGEO4W_ROOT_MSYS=/C/PROGRA~1/QGIS34~1.9
set OSGEO4W_STARTMENU=C:\ProgramData\Microsoft\Windows\Start Menu\Programs\QGIS 3.40.9
set OSGEO4W_DESKTOP=C:\Users\Public\Desktop\QGIS 3.40.9
set OSGEO4W_MENU_LINKS=1
set OSGEO4W_DESKTOP_LINKS=1

C:\Windows\SysWOW64>PATH C:\PROGRA~1\QGIS34~1.9\bin;C:\Program Files (x86)\Common Files\Intel\Shared Libraries\redist\intel64_win\compiler;C:\Program Files\Eclipse Adoptium\jdk-17.0.15.6-hotspot\bin;C:\Python313\Scripts\;C:\Python313\;C:\Program Files\Common Files\Oracle\Java\javapath;C:\WINDOWS\system32;C:\WINDOWS;C:\WINDOWS\System32\Wbem;C:\WINDOWS\System32\WindowsPowerShell\v1.0\;C:\WINDOWS\System32\OpenSSH\;C:\ProgramData\chocolatey\bin;C:\Program Files\Java\jdk-20\bin;D:\Programs\Gradle\gradle-8.13\bin;C:\Program Files\Docker\Docker\resources\bin;C:\Program Files\TortoiseHg\;C:\Program Files\nodejs\;C:\Program Files\PuTTY\;C:\Program Files\Pandoc\;C:\Users\Admin\AppData\Roaming\Python\Python313\Scripts;C:\Users\Admin\AppData\Local\Microsoft\WindowsApps;C:\Users\Admin\AppData\Local\Programs\Microsoft VS Code\bin;C:\Users\Admin\AppData\Roaming\npm;C:\Program Files\Tesseract-OCR;C:\Program Files\Pandoc;C:\Tools\Sysinternals;C:\Program Files\Git\cmd 

C:\Windows\SysWOW64>cd /d C:\PROGRA~1\QGIS34~1.9 

23.07.2025  1:24:15,33: Running postinstall api-ms-win-core-path-HACK.bat...
--------------------------------------------------------------------------------

C:\PROGRA~1\QGIS34~1.9>C:\WINDOWS\system32\cmd.exe /c "C:\PROGRA~1\QGIS34~1.9\etc\postinstall\api-ms-win-core-path-HACK.bat" 

C:\PROGRA~1\QGIS34~1.9>iswindows8orgreater

C:\PROGRA~1\QGIS34~1.9>if errorlevel 1 ren bin\api-ms-win-core-path-l1-1-0.dll.w7 api-ms-win-core-path-l1-1-0.dll 

C:\PROGRA~1\QGIS34~1.9>set e=0 

C:\PROGRA~1\QGIS34~1.9>ren "C:\PROGRA~1\QGIS34~1.9\etc\postinstall\api-ms-win-core-path-HACK.bat" api-ms-win-core-path-HACK.bat.done 
--------------------------------------------------------------------------------
23.07.2025  1:24:15,50: Done postinstall api-ms-win-core-path-HACK.bat [0].


23.07.2025  1:24:15,51: Running postinstall base.bat...
--------------------------------------------------------------------------------

C:\PROGRA~1\QGIS34~1.9>C:\WINDOWS\system32\cmd.exe /c "C:\PROGRA~1\QGIS34~1.9\etc\postinstall\base.bat" 

C:\PROGRA~1\QGIS34~1.9>if not 1 == 0 mkdir "C:\ProgramData\Microsoft\Windows\Start Menu\Programs\QGIS 3.40.9" 
Подпапка или файл C:\ProgramData\Microsoft\Windows\Start Menu\Programs\QGIS 3.40.9 уже существует.

C:\PROGRA~1\QGIS34~1.9>if not 1 == 0 xxmklink "C:\ProgramData\Microsoft\Windows\Start Menu\Programs\QGIS 3.40.9\OSGeo4W Shell.lnk" "C:\PROGRA~1\QGIS34~1.9\OSGeo4W.bat" " " "C:\PROGRA~1\QGIS34~1.9" "OSGeo for Windows command shell" 1 "C:\PROGRA~1\QGIS34~1.9\OSGeo4W.ico" 

XXMkLink     ver 1.00    (c)2005 Copyright  Pixelab, Inc.

The shortut created as follows

Shortcut path:     C:\ProgramData\Microsoft\Windows\Start Menu\Programs\QGIS 3.40.9\OSGeo4W Shell.lnk
Target object:     C:\PROGRA~1\QGIS34~1.9\OSGeo4W.bat
Arguments;          
Working Directory: C:\PROGRA~1\QGIS34~1.9
Description:       OSGeo for Windows command shell
Display Mode:      Normal Window (1)
Icon file:         C:\PROGRA~1\QGIS34~1.9\OSGeo4W.ico


C:\PROGRA~1\QGIS34~1.9>if not 1 == 0 mkdir "C:\Users\Public\Desktop\QGIS 3.40.9" 
Подпапка или файл C:\Users\Public\Desktop\QGIS 3.40.9 уже существует.

C:\PROGRA~1\QGIS34~1.9>if not 1 == 0 xxmklink "C:\Users\Public\Desktop\QGIS 3.40.9\OSGeo4W Shell.lnk" "C:\PROGRA~1\QGIS34~1.9\OSGeo4W.bat" " " "C:\PROGRA~1\QGIS34~1.9" "OSGeo for Windows command shell" 1 "C:\PROGRA~1\QGIS34~1.9\OSGeo4W.ico" 

XXMkLink     ver 1.00    (c)2005 Copyright  Pixelab, Inc.

The shortut created as follows

Shortcut path:     C:\Users\Public\Desktop\QGIS 3.40.9\OSGeo4W Shell.lnk
Target object:     C:\PROGRA~1\QGIS34~1.9\OSGeo4W.bat
Arguments;          
Working Directory: C:\PROGRA~1\QGIS34~1.9
Description:       OSGeo for Windows command shell
Display Mode:      Normal Window (1)
Icon file:         C:\PROGRA~1\QGIS34~1.9\OSGeo4W.ico


C:\PROGRA~1\QGIS34~1.9>set e=0 

C:\PROGRA~1\QGIS34~1.9>ren "C:\PROGRA~1\QGIS34~1.9\etc\postinstall\base.bat" base.bat.done 
--------------------------------------------------------------------------------
23.07.2025  1:24:15,88: Done postinstall base.bat [0].


23.07.2025  1:24:15,88: Running postinstall grass.bat...
--------------------------------------------------------------------------------

C:\PROGRA~1\QGIS34~1.9>C:\WINDOWS\system32\cmd.exe /c "C:\PROGRA~1\QGIS34~1.9\etc\postinstall\grass.bat" 

C:\PROGRA~1\QGIS34~1.9>set ICON=C:\PROGRA~1\QGIS34~1.9\apps\grass\grass84\gui\icons\grass_osgeo.ico 

C:\PROGRA~1\QGIS34~1.9>set BATCH=C:\PROGRA~1\QGIS34~1.9\bin\grass84.bat 

C:\PROGRA~1\QGIS34~1.9>textreplace -std -t "C:\PROGRA~1\QGIS34~1.9\bin\grass84.bat" 

C:\PROGRA~1\QGIS34~1.9>textreplace -std -t "C:\PROGRA~1\QGIS34~1.9\apps\grass\grass84\etc\fontcap" 

C:\PROGRA~1\QGIS34~1.9>for /F "tokens=* USEBACKQ" %F IN (`getspecialfolder Documents`) do set DOCUMENTS=%F 

C:\PROGRA~1\QGIS34~1.9>set DOCUMENTS=C:\Users\Admin\Documents 

C:\PROGRA~1\QGIS34~1.9>if not 1 == 0 xxmklink "C:\ProgramData\Microsoft\Windows\Start Menu\Programs\QGIS 3.40.9\GRASS GIS 8.4.1.lnk" "C:\PROGRA~1\QGIS34~1.9\bin\grass84.bat"  "--gui" "C:\Users\Admin\Documents" "Launch GRASS GIS 8.4.1" 1 "C:\PROGRA~1\QGIS34~1.9\apps\grass\grass84\gui\icons\grass_osgeo.ico" 

XXMkLink     ver 1.00    (c)2005 Copyright  Pixelab, Inc.

The shortut created as follows

Shortcut path:     C:\ProgramData\Microsoft\Windows\Start Menu\Programs\QGIS 3.40.9\GRASS GIS 8.4.1.lnk
Target object:     C:\PROGRA~1\QGIS34~1.9\bin\grass84.bat
Arguments;         --gui
Working Directory: C:\Users\Admin\Documents
Description:       Launch GRASS GIS 8.4.1
Display Mode:      Normal Window (1)
Icon file:         C:\PROGRA~1\QGIS34~1.9\apps\grass\grass84\gui\icons\grass_osgeo.ico


C:\PROGRA~1\QGIS34~1.9>if not 1 == 0 xxmklink "C:\Users\Public\Desktop\QGIS 3.40.9\GRASS GIS 8.4.1.lnk" "C:\PROGRA~1\QGIS34~1.9\bin\grass84.bat"  "--gui" "C:\Users\Admin\Documents" "Launch GRASS GIS 8.4.1" 1 "C:\PROGRA~1\QGIS34~1.9\apps\grass\grass84\gui\icons\grass_osgeo.ico" 

XXMkLink     ver 1.00    (c)2005 Copyright  Pixelab, Inc.

The shortut created as follows

Shortcut path:     C:\Users\Public\Desktop\QGIS 3.40.9\GRASS GIS 8.4.1.lnk
Target object:     C:\PROGRA~1\QGIS34~1.9\bin\grass84.bat
Arguments;         --gui
Working Directory: C:\Users\Admin\Documents
Description:       Launch GRASS GIS 8.4.1
Display Mode:      Normal Window (1)
Icon file:         C:\PROGRA~1\QGIS34~1.9\apps\grass\grass84\gui\icons\grass_osgeo.ico


C:\PROGRA~1\QGIS34~1.9>rem run g.mkfontcap outside a GRASS session during 

C:\PROGRA~1\QGIS34~1.9>rem an OSGeo4W installation for updating paths to fonts 

C:\PROGRA~1\QGIS34~1.9>rem set gisbase 

C:\PROGRA~1\QGIS34~1.9>set GISBASE=C:\PROGRA~1\QGIS34~1.9\apps\grass\grass84 

C:\PROGRA~1\QGIS34~1.9>rem set path to freetype dll and its dependencies 

C:\PROGRA~1\QGIS34~1.9>set FREETYPEBASE=C:\PROGRA~1\QGIS34~1.9\bin;C:\PROGRA~1\QGIS34~1.9\apps\msys\bin;C:\PROGRA~1\QGIS34~1.9\apps\grass\grass84\lib 

C:\PROGRA~1\QGIS34~1.9>rem set dependencies to path 

C:\PROGRA~1\QGIS34~1.9>set PATH=C:\PROGRA~1\QGIS34~1.9\bin;C:\PROGRA~1\QGIS34~1.9\apps\msys\bin;C:\PROGRA~1\QGIS34~1.9\apps\grass\grass84\lib;C:\PROGRA~1\QGIS34~1.9\bin;C:\Program Files (x86)\Common Files\Intel\Shared Libraries\redist\intel64_win\compiler;C:\Program Files\Eclipse Adoptium\jdk-17.0.15.6-hotspot\bin;C:\Python313\Scripts\;C:\Python313\;C:\Program Files\Common Files\Oracle\Java\javapath;C:\WINDOWS\system32;C:\WINDOWS;C:\WINDOWS\System32\Wbem;C:\WINDOWS\System32\WindowsPowerShell\v1.0\;C:\WINDOWS\System32\OpenSSH\;C:\ProgramData\chocolatey\bin;C:\Program Files\Java\jdk-20\bin;D:\Programs\Gradle\gradle-8.13\bin;C:\Program Files\Docker\Docker\resources\bin;C:\Program Files\TortoiseHg\;C:\Program Files\nodejs\;C:\Program Files\PuTTY\;C:\Program Files\Pandoc\;C:\Users\Admin\AppData\Roaming\Python\Python313\Scripts;C:\Users\Admin\AppData\Local\Microsoft\WindowsApps;C:\Users\Admin\AppData\Local\Programs\Microsoft VS Code\bin;C:\Users\Admin\AppData\Roaming\npm;C:\Program Files\Tesseract-OCR;C:\Program Files\Pandoc;C:\Tools\Sysinternals;C:\Program Files\Git\cmd 

C:\PROGRA~1\QGIS34~1.9>rem GISRC must be set 

C:\PROGRA~1\QGIS34~1.9>set GISRC=dummy 

C:\PROGRA~1\QGIS34~1.9>rem run g.mkfontcap outside a GRASS session 

C:\PROGRA~1\QGIS34~1.9>"C:\PROGRA~1\QGIS34~1.9\apps\grass\grass84\bin\g.mkfontcap.exe" --overwrite 

C:\PROGRA~1\QGIS34~1.9>del "C:\PROGRA~1\QGIS34~1.9\bin\grass84.bat.tmpl 
Не удается найти C:\PROGRA~1\QGIS34~1.9\bin\grass84.bat.tmpl

C:\PROGRA~1\QGIS34~1.9>set e=0 

C:\PROGRA~1\QGIS34~1.9>ren "C:\PROGRA~1\QGIS34~1.9\etc\postinstall\grass.bat" grass.bat.done 
--------------------------------------------------------------------------------
23.07.2025  1:24:17,53: Done postinstall grass.bat [0].


23.07.2025  1:24:17,54: Running postinstall opencl.bat...
--------------------------------------------------------------------------------

C:\PROGRA~1\QGIS34~1.9>C:\WINDOWS\system32\cmd.exe /c "C:\PROGRA~1\QGIS34~1.9\etc\postinstall\opencl.bat" 

C:\PROGRA~1\QGIS34~1.9>dllupdate -copy -reboot "C:\PROGRA~1\QGIS34~1.9\bin\opencl.dll" 
C:\PROGRA~1\QGIS34~1.9\bin\opencl.dll: Version=3.0.6.0
C:\WINDOWS\system32\opencl.dll: Version=3.0.6.0
Target is not older than source, no action.

C:\PROGRA~1\QGIS34~1.9>if exist C:\WINDOWS\system32\opencl.dll del "C:\PROGRA~1\QGIS34~1.9\bin\opencl.dll" 

C:\PROGRA~1\QGIS34~1.9>set e=0 

C:\PROGRA~1\QGIS34~1.9>ren "C:\PROGRA~1\QGIS34~1.9\etc\postinstall\opencl.bat" opencl.bat.done 
--------------------------------------------------------------------------------
23.07.2025  1:24:17,79: Done postinstall opencl.bat [0].


23.07.2025  1:24:17,79: Running postinstall openssl.bat...
--------------------------------------------------------------------------------

C:\PROGRA~1\QGIS34~1.9>C:\WINDOWS\system32\cmd.exe /c "C:\PROGRA~1\QGIS34~1.9\etc\postinstall\openssl.bat" 

C:\PROGRA~1\QGIS34~1.9>dllupdate -oite -copy -reboot "C:\PROGRA~1\QGIS34~1.9\bin\libcrypto-3-x64.dll" 
C:\PROGRA~1\QGIS34~1.9\bin\libcrypto-3-x64.dll: Version=3.0.16.0
C:\WINDOWS\system32\libcrypto-3-x64.dll: Version=0.0.0.0
Target does not exist, no action.

C:\PROGRA~1\QGIS34~1.9>dllupdate -oite -copy -reboot "C:\PROGRA~1\QGIS34~1.9\bin\libssl-3-x64.dll" 
C:\PROGRA~1\QGIS34~1.9\bin\libssl-3-x64.dll: Version=3.0.16.0
C:\WINDOWS\system32\libssl-3-x64.dll: Version=0.0.0.0
Target does not exist, no action.

C:\PROGRA~1\QGIS34~1.9>exit /b 0 

C:\PROGRA~1\QGIS34~1.9>set e=0 

C:\PROGRA~1\QGIS34~1.9>ren "C:\PROGRA~1\QGIS34~1.9\etc\postinstall\openssl.bat" openssl.bat.done 
--------------------------------------------------------------------------------
23.07.2025  1:24:18,19: Done postinstall openssl.bat [0].


23.07.2025  1:24:18,20: Running postinstall python3-chardet.bat...
--------------------------------------------------------------------------------

C:\PROGRA~1\QGIS34~1.9>C:\WINDOWS\system32\cmd.exe /c "C:\PROGRA~1\QGIS34~1.9\etc\postinstall\python3-chardet.bat" 

C:\PROGRA~1\QGIS34~1.9>textreplace -std -t apps/Python312/Scripts/chardetect.exe 

C:\PROGRA~1\QGIS34~1.9>set e=0 

C:\PROGRA~1\QGIS34~1.9>ren "C:\PROGRA~1\QGIS34~1.9\etc\postinstall\python3-chardet.bat" python3-chardet.bat.done 
--------------------------------------------------------------------------------
23.07.2025  1:24:18,32: Done postinstall python3-chardet.bat [0].


23.07.2025  1:24:18,32: Running postinstall python3-charset-normalizer.bat...
--------------------------------------------------------------------------------

C:\PROGRA~1\QGIS34~1.9>C:\WINDOWS\system32\cmd.exe /c "C:\PROGRA~1\QGIS34~1.9\etc\postinstall\python3-charset-normalizer.bat" 

C:\PROGRA~1\QGIS34~1.9>textreplace -std -t apps/Python312/Scripts/normalizer.exe 

C:\PROGRA~1\QGIS34~1.9>set e=0 

C:\PROGRA~1\QGIS34~1.9>ren "C:\PROGRA~1\QGIS34~1.9\etc\postinstall\python3-charset-normalizer.bat" python3-charset-normalizer.bat.done 
--------------------------------------------------------------------------------
23.07.2025  1:24:18,44: Done postinstall python3-charset-normalizer.bat [0].


23.07.2025  1:24:18,44: Running postinstall python3-exifread.bat...
--------------------------------------------------------------------------------

C:\PROGRA~1\QGIS34~1.9>C:\WINDOWS\system32\cmd.exe /c "C:\PROGRA~1\QGIS34~1.9\etc\postinstall\python3-exifread.bat" 

C:\PROGRA~1\QGIS34~1.9>textreplace -std -t apps/Python312/Scripts/EXIF.py 

C:\PROGRA~1\QGIS34~1.9>set e=0 

C:\PROGRA~1\QGIS34~1.9>ren "C:\PROGRA~1\QGIS34~1.9\etc\postinstall\python3-exifread.bat" python3-exifread.bat.done 
--------------------------------------------------------------------------------
23.07.2025  1:24:18,55: Done postinstall python3-exifread.bat [0].


23.07.2025  1:24:18,56: Running postinstall python3-fonttools.bat...
--------------------------------------------------------------------------------

C:\PROGRA~1\QGIS34~1.9>C:\WINDOWS\system32\cmd.exe /c "C:\PROGRA~1\QGIS34~1.9\etc\postinstall\python3-fonttools.bat" 

C:\PROGRA~1\QGIS34~1.9>textreplace -std -t apps/Python312/Scripts/fonttools.exe 

C:\PROGRA~1\QGIS34~1.9>textreplace -std -t apps/Python312/Scripts/pyftmerge.exe 

C:\PROGRA~1\QGIS34~1.9>textreplace -std -t apps/Python312/Scripts/pyftsubset.exe 

C:\PROGRA~1\QGIS34~1.9>textreplace -std -t apps/Python312/Scripts/ttx.exe 

C:\PROGRA~1\QGIS34~1.9>set e=0 

C:\PROGRA~1\QGIS34~1.9>ren "C:\PROGRA~1\QGIS34~1.9\etc\postinstall\python3-fonttools.bat" python3-fonttools.bat.done 
--------------------------------------------------------------------------------
23.07.2025  1:24:18,71: Done postinstall python3-fonttools.bat [0].


23.07.2025  1:24:18,72: Running postinstall python3-future.bat...
--------------------------------------------------------------------------------

C:\PROGRA~1\QGIS34~1.9>C:\WINDOWS\system32\cmd.exe /c "C:\PROGRA~1\QGIS34~1.9\etc\postinstall\python3-future.bat" 

C:\PROGRA~1\QGIS34~1.9>textreplace -std -t apps/Python312/Scripts/futurize.exe 

C:\PROGRA~1\QGIS34~1.9>textreplace -std -t apps/Python312/Scripts/pasteurize.exe 

C:\PROGRA~1\QGIS34~1.9>set e=0 

C:\PROGRA~1\QGIS34~1.9>ren "C:\PROGRA~1\QGIS34~1.9\etc\postinstall\python3-future.bat" python3-future.bat.done 
--------------------------------------------------------------------------------
23.07.2025  1:24:18,83: Done postinstall python3-future.bat [0].


23.07.2025  1:24:18,84: Running postinstall python3-gdal.bat...
--------------------------------------------------------------------------------

C:\PROGRA~1\QGIS34~1.9>C:\WINDOWS\system32\cmd.exe /c "C:\PROGRA~1\QGIS34~1.9\etc\postinstall\python3-gdal.bat" 

C:\PROGRA~1\QGIS34~1.9>textreplace -std -t apps\Python312\Scripts\gdal_calc.py 

C:\PROGRA~1\QGIS34~1.9>textreplace -std -t apps\Python312\Scripts\gdal_calc-script.py 

C:\PROGRA~1\QGIS34~1.9>textreplace -std -t apps\Python312\Scripts\gdal_edit.py 

C:\PROGRA~1\QGIS34~1.9>textreplace -std -t apps\Python312\Scripts\gdal_edit-script.py 

C:\PROGRA~1\QGIS34~1.9>textreplace -std -t apps\Python312\Scripts\gdal_fillnodata.py 

C:\PROGRA~1\QGIS34~1.9>textreplace -std -t apps\Python312\Scripts\gdal_fillnodata-script.py 

C:\PROGRA~1\QGIS34~1.9>textreplace -std -t apps\Python312\Scripts\gdal_merge.py 

C:\PROGRA~1\QGIS34~1.9>textreplace -std -t apps\Python312\Scripts\gdal_merge-script.py 

C:\PROGRA~1\QGIS34~1.9>textreplace -std -t apps\Python312\Scripts\gdal_pansharpen.py 

C:\PROGRA~1\QGIS34~1.9>textreplace -std -t apps\Python312\Scripts\gdal_pansharpen-script.py 

C:\PROGRA~1\QGIS34~1.9>textreplace -std -t apps\Python312\Scripts\gdal_polygonize.py 

C:\PROGRA~1\QGIS34~1.9>textreplace -std -t apps\Python312\Scripts\gdal_polygonize-script.py 

C:\PROGRA~1\QGIS34~1.9>textreplace -std -t apps\Python312\Scripts\gdal_proximity.py 

C:\PROGRA~1\QGIS34~1.9>textreplace -std -t apps\Python312\Scripts\gdal_proximity-script.py 

C:\PROGRA~1\QGIS34~1.9>textreplace -std -t apps\Python312\Scripts\gdal_retile.py 

C:\PROGRA~1\QGIS34~1.9>textreplace -std -t apps\Python312\Scripts\gdal_retile-script.py 

C:\PROGRA~1\QGIS34~1.9>textreplace -std -t apps\Python312\Scripts\gdal_sieve.py 

C:\PROGRA~1\QGIS34~1.9>textreplace -std -t apps\Python312\Scripts\gdal_sieve-script.py 

C:\PROGRA~1\QGIS34~1.9>textreplace -std -t apps\Python312\Scripts\gdal2tiles.py 

C:\PROGRA~1\QGIS34~1.9>textreplace -std -t apps\Python312\Scripts\gdal2tiles-script.py 

C:\PROGRA~1\QGIS34~1.9>textreplace -std -t apps\Python312\Scripts\gdal2xyz.py 

C:\PROGRA~1\QGIS34~1.9>textreplace -std -t apps\Python312\Scripts\gdal2xyz-script.py 

C:\PROGRA~1\QGIS34~1.9>textreplace -std -t apps\Python312\Scripts\gdalattachpct.py 

C:\PROGRA~1\QGIS34~1.9>textreplace -std -t apps\Python312\Scripts\gdalattachpct-script.py 

C:\PROGRA~1\QGIS34~1.9>textreplace -std -t apps\Python312\Scripts\gdalcompare.py 

C:\PROGRA~1\QGIS34~1.9>textreplace -std -t apps\Python312\Scripts\gdalcompare-script.py 

C:\PROGRA~1\QGIS34~1.9>textreplace -std -t apps\Python312\Scripts\gdalmove.py 

C:\PROGRA~1\QGIS34~1.9>textreplace -std -t apps\Python312\Scripts\gdalmove-script.py 

C:\PROGRA~1\QGIS34~1.9>textreplace -std -t apps\Python312\Scripts\ogr_layer_algebra.py 

C:\PROGRA~1\QGIS34~1.9>textreplace -std -t apps\Python312\Scripts\ogr_layer_algebra-script.py 

C:\PROGRA~1\QGIS34~1.9>textreplace -std -t apps\Python312\Scripts\ogrmerge.py 

C:\PROGRA~1\QGIS34~1.9>textreplace -std -t apps\Python312\Scripts\ogrmerge-script.py 

C:\PROGRA~1\QGIS34~1.9>textreplace -std -t apps\Python312\Scripts\pct2rgb.py 

C:\PROGRA~1\QGIS34~1.9>textreplace -std -t apps\Python312\Scripts\pct2rgb-script.py 

C:\PROGRA~1\QGIS34~1.9>textreplace -std -t apps\Python312\Scripts\rgb2pct.py 

C:\PROGRA~1\QGIS34~1.9>textreplace -std -t apps\Python312\Scripts\rgb2pct-script.py 

C:\PROGRA~1\QGIS34~1.9>set e=0 

C:\PROGRA~1\QGIS34~1.9>ren "C:\PROGRA~1\QGIS34~1.9\etc\postinstall\python3-gdal.bat" python3-gdal.bat.done 
--------------------------------------------------------------------------------
23.07.2025  1:24:19,52: Done postinstall python3-gdal.bat [0].


23.07.2025  1:24:19,53: Running postinstall python3-nose2.bat...
--------------------------------------------------------------------------------

C:\PROGRA~1\QGIS34~1.9>C:\WINDOWS\system32\cmd.exe /c "C:\PROGRA~1\QGIS34~1.9\etc\postinstall\python3-nose2.bat" 

C:\PROGRA~1\QGIS34~1.9>textreplace -std -t apps/Python312/Scripts/nose2.exe 

C:\PROGRA~1\QGIS34~1.9>set e=0 

C:\PROGRA~1\QGIS34~1.9>ren "C:\PROGRA~1\QGIS34~1.9\etc\postinstall\python3-nose2.bat" python3-nose2.bat.done 
--------------------------------------------------------------------------------
23.07.2025  1:24:19,64: Done postinstall python3-nose2.bat [0].


23.07.2025  1:24:19,65: Running postinstall python3-numpy.bat...
--------------------------------------------------------------------------------

C:\PROGRA~1\QGIS34~1.9>C:\WINDOWS\system32\cmd.exe /c "C:\PROGRA~1\QGIS34~1.9\etc\postinstall\python3-numpy.bat" 

C:\PROGRA~1\QGIS34~1.9>textreplace -std -t apps/Python312/Scripts/f2py.exe 

C:\PROGRA~1\QGIS34~1.9>set e=0 

C:\PROGRA~1\QGIS34~1.9>ren "C:\PROGRA~1\QGIS34~1.9\etc\postinstall\python3-numpy.bat" python3-numpy.bat.done 
--------------------------------------------------------------------------------
23.07.2025  1:24:19,75: Done postinstall python3-numpy.bat [0].


23.07.2025  1:24:19,76: Running postinstall python3-pip.bat...
--------------------------------------------------------------------------------

C:\PROGRA~1\QGIS34~1.9>C:\WINDOWS\system32\cmd.exe /c "C:\PROGRA~1\QGIS34~1.9\etc\postinstall\python3-pip.bat" 

C:\PROGRA~1\QGIS34~1.9>textreplace -std -t apps/Python312/Scripts/pip.exe 

C:\PROGRA~1\QGIS34~1.9>textreplace -std -t apps/Python312/Scripts/pip3.12.exe 

C:\PROGRA~1\QGIS34~1.9>textreplace -std -t apps/Python312/Scripts/pip3.exe 

C:\PROGRA~1\QGIS34~1.9>set e=0 

C:\PROGRA~1\QGIS34~1.9>ren "C:\PROGRA~1\QGIS34~1.9\etc\postinstall\python3-pip.bat" python3-pip.bat.done 
--------------------------------------------------------------------------------
23.07.2025  1:24:19,91: Done postinstall python3-pip.bat [0].


23.07.2025  1:24:19,91: Running postinstall python3-pygments.bat...
--------------------------------------------------------------------------------

C:\PROGRA~1\QGIS34~1.9>C:\WINDOWS\system32\cmd.exe /c "C:\PROGRA~1\QGIS34~1.9\etc\postinstall\python3-pygments.bat" 

C:\PROGRA~1\QGIS34~1.9>textreplace -std -t apps/Python312/Scripts/pygmentize.exe 

C:\PROGRA~1\QGIS34~1.9>set e=0 

C:\PROGRA~1\QGIS34~1.9>ren "C:\PROGRA~1\QGIS34~1.9\etc\postinstall\python3-pygments.bat" python3-pygments.bat.done 
--------------------------------------------------------------------------------
23.07.2025  1:24:20,02: Done postinstall python3-pygments.bat [0].


23.07.2025  1:24:20,03: Running postinstall python3-pyproj.bat...
--------------------------------------------------------------------------------

C:\PROGRA~1\QGIS34~1.9>C:\WINDOWS\system32\cmd.exe /c "C:\PROGRA~1\QGIS34~1.9\etc\postinstall\python3-pyproj.bat" 

C:\PROGRA~1\QGIS34~1.9>textreplace -std -t apps/Python312/Scripts/pyproj.exe 

C:\PROGRA~1\QGIS34~1.9>set e=0 

C:\PROGRA~1\QGIS34~1.9>ren "C:\PROGRA~1\QGIS34~1.9\etc\postinstall\python3-pyproj.bat" python3-pyproj.bat.done 
--------------------------------------------------------------------------------
23.07.2025  1:24:20,14: Done postinstall python3-pyproj.bat [0].


23.07.2025  1:24:20,15: Running postinstall python3-pyqt5.bat...
--------------------------------------------------------------------------------

C:\PROGRA~1\QGIS34~1.9>C:\WINDOWS\system32\cmd.exe /c "C:\PROGRA~1\QGIS34~1.9\etc\postinstall\python3-pyqt5.bat" 

C:\PROGRA~1\QGIS34~1.9>textreplace -std -t apps/Python312/Scripts/pylupdate5.exe 

C:\PROGRA~1\QGIS34~1.9>textreplace -std -t apps/Python312/Scripts/pyrcc5.exe 

C:\PROGRA~1\QGIS34~1.9>textreplace -std -t apps/Python312/Scripts/pyuic5.exe 

C:\PROGRA~1\QGIS34~1.9>set e=0 

C:\PROGRA~1\QGIS34~1.9>ren "C:\PROGRA~1\QGIS34~1.9\etc\postinstall\python3-pyqt5.bat" python3-pyqt5.bat.done 
--------------------------------------------------------------------------------
23.07.2025  1:24:20,29: Done postinstall python3-pyqt5.bat [0].


23.07.2025  1:24:20,30: Running postinstall python3-pyserial.bat...
--------------------------------------------------------------------------------

C:\PROGRA~1\QGIS34~1.9>C:\WINDOWS\system32\cmd.exe /c "C:\PROGRA~1\QGIS34~1.9\etc\postinstall\python3-pyserial.bat" 

C:\PROGRA~1\QGIS34~1.9>textreplace -std -t apps/Python312/Scripts/pyserial-miniterm.exe 

C:\PROGRA~1\QGIS34~1.9>textreplace -std -t apps/Python312/Scripts/pyserial-ports.exe 

C:\PROGRA~1\QGIS34~1.9>set e=0 

C:\PROGRA~1\QGIS34~1.9>ren "C:\PROGRA~1\QGIS34~1.9\etc\postinstall\python3-pyserial.bat" python3-pyserial.bat.done 
--------------------------------------------------------------------------------
23.07.2025  1:24:20,42: Done postinstall python3-pyserial.bat [0].


23.07.2025  1:24:20,42: Running postinstall python3-sip.bat...
--------------------------------------------------------------------------------

C:\PROGRA~1\QGIS34~1.9>C:\WINDOWS\system32\cmd.exe /c "C:\PROGRA~1\QGIS34~1.9\etc\postinstall\python3-sip.bat" 

C:\PROGRA~1\QGIS34~1.9>textreplace -std -t apps/Python312/Scripts/sip-build.exe 

C:\PROGRA~1\QGIS34~1.9>textreplace -std -t apps/Python312/Scripts/sip-distinfo.exe 

C:\PROGRA~1\QGIS34~1.9>textreplace -std -t apps/Python312/Scripts/sip-install.exe 

C:\PROGRA~1\QGIS34~1.9>textreplace -std -t apps/Python312/Scripts/sip-module.exe 

C:\PROGRA~1\QGIS34~1.9>textreplace -std -t apps/Python312/Scripts/sip-sdist.exe 

C:\PROGRA~1\QGIS34~1.9>textreplace -std -t apps/Python312/Scripts/sip-wheel.exe 

C:\PROGRA~1\QGIS34~1.9>set e=0 

C:\PROGRA~1\QGIS34~1.9>ren "C:\PROGRA~1\QGIS34~1.9\etc\postinstall\python3-sip.bat" python3-sip.bat.done 
--------------------------------------------------------------------------------
23.07.2025  1:24:20,61: Done postinstall python3-sip.bat [0].


23.07.2025  1:24:20,62: Running postinstall python3-wxpython.bat...
--------------------------------------------------------------------------------

C:\PROGRA~1\QGIS34~1.9>C:\WINDOWS\system32\cmd.exe /c "C:\PROGRA~1\QGIS34~1.9\etc\postinstall\python3-wxpython.bat" 

C:\PROGRA~1\QGIS34~1.9>textreplace -std -t apps/Python312/Scripts/helpviewer.exe 

C:\PROGRA~1\QGIS34~1.9>textreplace -std -t apps/Python312/Scripts/img2png.exe 

C:\PROGRA~1\QGIS34~1.9>textreplace -std -t apps/Python312/Scripts/img2py.exe 

C:\PROGRA~1\QGIS34~1.9>textreplace -std -t apps/Python312/Scripts/img2xpm.exe 

C:\PROGRA~1\QGIS34~1.9>textreplace -std -t apps/Python312/Scripts/pycrust.exe 

C:\PROGRA~1\QGIS34~1.9>textreplace -std -t apps/Python312/Scripts/pyshell.exe 

C:\PROGRA~1\QGIS34~1.9>textreplace -std -t apps/Python312/Scripts/pyslices.exe 

C:\PROGRA~1\QGIS34~1.9>textreplace -std -t apps/Python312/Scripts/pyslicesshell.exe 

C:\PROGRA~1\QGIS34~1.9>textreplace -std -t apps/Python312/Scripts/pywxrc.exe 

C:\PROGRA~1\QGIS34~1.9>textreplace -std -t apps/Python312/Scripts/wxdemo.exe 

C:\PROGRA~1\QGIS34~1.9>textreplace -std -t apps/Python312/Scripts/wxdocs.exe 

C:\PROGRA~1\QGIS34~1.9>textreplace -std -t apps/Python312/Scripts/wxget.exe 

C:\PROGRA~1\QGIS34~1.9>set e=0 

C:\PROGRA~1\QGIS34~1.9>ren "C:\PROGRA~1\QGIS34~1.9\etc\postinstall\python3-wxpython.bat" python3-wxpython.bat.done 
--------------------------------------------------------------------------------
23.07.2025  1:24:20,91: Done postinstall python3-wxpython.bat [0].


23.07.2025  1:24:20,92: Running postinstall python3-xlrd.bat...
--------------------------------------------------------------------------------

C:\PROGRA~1\QGIS34~1.9>C:\WINDOWS\system32\cmd.exe /c "C:\PROGRA~1\QGIS34~1.9\etc\postinstall\python3-xlrd.bat" 

C:\PROGRA~1\QGIS34~1.9>textreplace -std -t apps/Python312/Scripts/runxlrd.py 

C:\PROGRA~1\QGIS34~1.9>set e=0 

C:\PROGRA~1\QGIS34~1.9>ren "C:\PROGRA~1\QGIS34~1.9\etc\postinstall\python3-xlrd.bat" python3-xlrd.bat.done 
--------------------------------------------------------------------------------
23.07.2025  1:24:21,02: Done postinstall python3-xlrd.bat [0].


23.07.2025  1:24:21,03: Running postinstall qgis-ltr-common.bat...
--------------------------------------------------------------------------------

C:\PROGRA~1\QGIS34~1.9>C:\WINDOWS\system32\cmd.exe /c "C:\PROGRA~1\QGIS34~1.9\etc\postinstall\qgis-ltr-common.bat" 

C:\PROGRA~1\QGIS34~1.9>call "C:\PROGRA~1\QGIS34~1.9\bin\o4w_env.bat" 

C:\PROGRA~1\QGIS34~1.9>REM Make parent of this script location our current directory, 

C:\PROGRA~1\QGIS34~1.9>REM converting UNC path to drive letter if needed 

C:\PROGRA~1\QGIS34~1.9>pushd C:\PROGRA~1\QGIS34~1.9\bin\ 

C:\PROGRA~1\QGIS34~1.9\bin>cd .. 

C:\PROGRA~1\QGIS34~1.9>REM set OSGEO4W_ROOT to short path version 

C:\PROGRA~1\QGIS34~1.9>for %i in ("C:\PROGRA~1\QGIS34~1.9") do set OSGEO4W_ROOT=%~fsi 

C:\PROGRA~1\QGIS34~1.9>set OSGEO4W_ROOT=C:\PROGRA~1\QGIS34~1.9 

C:\PROGRA~1\QGIS34~1.9>REM start with clean path 

C:\PROGRA~1\QGIS34~1.9>set path=C:\PROGRA~1\QGIS34~1.9\bin;C:\WINDOWS\system32;C:\WINDOWS;C:\WINDOWS\system32\WBem 

C:\PROGRA~1\QGIS34~1.9>for %f in ("C:\PROGRA~1\QGIS34~1.9\etc\ini\*.bat") do call "%f" 

C:\PROGRA~1\QGIS34~1.9>call "C:\PROGRA~1\QGIS34~1.9\etc\ini\base.bat" 

C:\PROGRA~1\QGIS34~1.9>rem This is just a dummy to make sure the for loop in ..\..\osgeo4w.bat 

C:\PROGRA~1\QGIS34~1.9>rem always has some files to process. 

C:\PROGRA~1\QGIS34~1.9>call "C:\PROGRA~1\QGIS34~1.9\etc\ini\gdal.bat" 

C:\PROGRA~1\QGIS34~1.9>SET GDAL_DATA=C:\PROGRA~1\QGIS34~1.9\apps\gdal\share\gdal 

C:\PROGRA~1\QGIS34~1.9>SET GDAL_DRIVER_PATH=C:\PROGRA~1\QGIS34~1.9\apps\gdal\lib\gdalplugins 

C:\PROGRA~1\QGIS34~1.9>call "C:\PROGRA~1\QGIS34~1.9\etc\ini\gs.bat" 

C:\PROGRA~1\QGIS34~1.9>set GS_LIB=C:\PROGRA~1\QGIS34~1.9\apps\gs\lib 

C:\PROGRA~1\QGIS34~1.9>call "C:\PROGRA~1\QGIS34~1.9\etc\ini\openssl.bat" 

C:\PROGRA~1\QGIS34~1.9>set OPENSSL_ENGINES=C:\PROGRA~1\QGIS34~1.9\lib\engines-3 

C:\PROGRA~1\QGIS34~1.9>set SSL_CERT_FILE=C:\PROGRA~1\QGIS34~1.9\bin\curl-ca-bundle.crt 

C:\PROGRA~1\QGIS34~1.9>set SSL_CERT_DIR=C:\PROGRA~1\QGIS34~1.9\apps\openssl\certs 

C:\PROGRA~1\QGIS34~1.9>call "C:\PROGRA~1\QGIS34~1.9\etc\ini\pdal-libs.bat" 

C:\PROGRA~1\QGIS34~1.9>set PDAL_DRIVER_PATH=C:\PROGRA~1\QGIS34~1.9\apps\pdal\plugins 

C:\PROGRA~1\QGIS34~1.9>call "C:\PROGRA~1\QGIS34~1.9\etc\ini\proj-runtime-data.bat" 

C:\PROGRA~1\QGIS34~1.9>SET PROJ_DATA=C:\PROGRA~1\QGIS34~1.9\share\proj 

C:\PROGRA~1\QGIS34~1.9>call "C:\PROGRA~1\QGIS34~1.9\etc\ini\python3.bat" 

C:\PROGRA~1\QGIS34~1.9>SET PYTHONHOME=C:\PROGRA~1\QGIS34~1.9\apps\Python312 

C:\PROGRA~1\QGIS34~1.9>SET PYTHONPATH= 

C:\PROGRA~1\QGIS34~1.9>SET PYTHONUTF8=1 

C:\PROGRA~1\QGIS34~1.9>PATH C:\PROGRA~1\QGIS34~1.9\apps\Python312\Scripts;C:\PROGRA~1\QGIS34~1.9\bin;C:\WINDOWS\system32;C:\WINDOWS;C:\WINDOWS\system32\WBem 

C:\PROGRA~1\QGIS34~1.9>call "C:\PROGRA~1\QGIS34~1.9\etc\ini\qt5.bat" 

C:\PROGRA~1\QGIS34~1.9>path C:\PROGRA~1\QGIS34~1.9\apps\qt5\bin;C:\PROGRA~1\QGIS34~1.9\apps\Python312\Scripts;C:\PROGRA~1\QGIS34~1.9\bin;C:\WINDOWS\system32;C:\WINDOWS;C:\WINDOWS\system32\WBem 

C:\PROGRA~1\QGIS34~1.9>set QT_PLUGIN_PATH=C:\PROGRA~1\QGIS34~1.9\apps\Qt5\plugins 

C:\PROGRA~1\QGIS34~1.9>set O4W_QT_PREFIX=C:/PROGRA~1/QGIS34~1.9/apps/Qt5 

C:\PROGRA~1\QGIS34~1.9>set O4W_QT_BINARIES=C:/PROGRA~1/QGIS34~1.9/apps/Qt5/bin 

C:\PROGRA~1\QGIS34~1.9>set O4W_QT_PLUGINS=C:/PROGRA~1/QGIS34~1.9/apps/Qt5/plugins 

C:\PROGRA~1\QGIS34~1.9>set O4W_QT_LIBRARIES=C:/PROGRA~1/QGIS34~1.9/apps/Qt5/lib 

C:\PROGRA~1\QGIS34~1.9>set O4W_QT_TRANSLATIONS=C:/PROGRA~1/QGIS34~1.9/apps/Qt5/translations 

C:\PROGRA~1\QGIS34~1.9>set O4W_QT_HEADERS=C:/PROGRA~1/QGIS34~1.9/apps/Qt5/include 

C:\PROGRA~1\QGIS34~1.9>set O4W_QT_DOC=C:/PROGRA~1/QGIS34~1.9/apps/Qt5/doc 

C:\PROGRA~1\QGIS34~1.9>popd

C:\PROGRA~1\QGIS34~1.9>path C:\PROGRA~1\QGIS34~1.9\apps\qt5\bin;C:\PROGRA~1\QGIS34~1.9\apps\Python312\Scripts;C:\PROGRA~1\QGIS34~1.9\bin;C:\WINDOWS\system32;C:\WINDOWS;C:\WINDOWS\system32\WBem;C:\PROGRA~1\QGIS34~1.9\apps\qgis-ltr\bin 

C:\PROGRA~1\QGIS34~1.9>set QGIS_PREFIX_PATH=C:/PROGRA~1/QGIS34~1.9/apps/qgis-ltr 

C:\PROGRA~1\QGIS34~1.9>"C:\PROGRA~1\QGIS34~1.9\apps\qgis-ltr\crssync"

C:\PROGRA~1\QGIS34~1.9>set e=0 

C:\PROGRA~1\QGIS34~1.9>ren "C:\PROGRA~1\QGIS34~1.9\etc\postinstall\qgis-ltr-common.bat" qgis-ltr-common.bat.done 
--------------------------------------------------------------------------------
23.07.2025  1:24:22,49: Done postinstall qgis-ltr-common.bat [0].


23.07.2025  1:24:22,50: Running postinstall qgis-ltr-grass-plugin.bat...
--------------------------------------------------------------------------------

C:\PROGRA~1\QGIS34~1.9>C:\WINDOWS\system32\cmd.exe /c "C:\PROGRA~1\QGIS34~1.9\etc\postinstall\qgis-ltr-grass-plugin.bat" 

C:\PROGRA~1\QGIS34~1.9>call "C:\PROGRA~1\QGIS34~1.9\bin\o4w_env.bat" 

C:\PROGRA~1\QGIS34~1.9>REM Make parent of this script location our current directory, 

C:\PROGRA~1\QGIS34~1.9>REM converting UNC path to drive letter if needed 

C:\PROGRA~1\QGIS34~1.9>pushd C:\PROGRA~1\QGIS34~1.9\bin\ 

C:\PROGRA~1\QGIS34~1.9\bin>cd .. 

C:\PROGRA~1\QGIS34~1.9>REM set OSGEO4W_ROOT to short path version 

C:\PROGRA~1\QGIS34~1.9>for %i in ("C:\PROGRA~1\QGIS34~1.9") do set OSGEO4W_ROOT=%~fsi 

C:\PROGRA~1\QGIS34~1.9>set OSGEO4W_ROOT=C:\PROGRA~1\QGIS34~1.9 

C:\PROGRA~1\QGIS34~1.9>REM start with clean path 

C:\PROGRA~1\QGIS34~1.9>set path=C:\PROGRA~1\QGIS34~1.9\bin;C:\WINDOWS\system32;C:\WINDOWS;C:\WINDOWS\system32\WBem 

C:\PROGRA~1\QGIS34~1.9>for %f in ("C:\PROGRA~1\QGIS34~1.9\etc\ini\*.bat") do call "%f" 

C:\PROGRA~1\QGIS34~1.9>call "C:\PROGRA~1\QGIS34~1.9\etc\ini\base.bat" 

C:\PROGRA~1\QGIS34~1.9>rem This is just a dummy to make sure the for loop in ..\..\osgeo4w.bat 

C:\PROGRA~1\QGIS34~1.9>rem always has some files to process. 

C:\PROGRA~1\QGIS34~1.9>call "C:\PROGRA~1\QGIS34~1.9\etc\ini\gdal.bat" 

C:\PROGRA~1\QGIS34~1.9>SET GDAL_DATA=C:\PROGRA~1\QGIS34~1.9\apps\gdal\share\gdal 

C:\PROGRA~1\QGIS34~1.9>SET GDAL_DRIVER_PATH=C:\PROGRA~1\QGIS34~1.9\apps\gdal\lib\gdalplugins 

C:\PROGRA~1\QGIS34~1.9>call "C:\PROGRA~1\QGIS34~1.9\etc\ini\gs.bat" 

C:\PROGRA~1\QGIS34~1.9>set GS_LIB=C:\PROGRA~1\QGIS34~1.9\apps\gs\lib 

C:\PROGRA~1\QGIS34~1.9>call "C:\PROGRA~1\QGIS34~1.9\etc\ini\openssl.bat" 

C:\PROGRA~1\QGIS34~1.9>set OPENSSL_ENGINES=C:\PROGRA~1\QGIS34~1.9\lib\engines-3 

C:\PROGRA~1\QGIS34~1.9>set SSL_CERT_FILE=C:\PROGRA~1\QGIS34~1.9\bin\curl-ca-bundle.crt 

C:\PROGRA~1\QGIS34~1.9>set SSL_CERT_DIR=C:\PROGRA~1\QGIS34~1.9\apps\openssl\certs 

C:\PROGRA~1\QGIS34~1.9>call "C:\PROGRA~1\QGIS34~1.9\etc\ini\pdal-libs.bat" 

C:\PROGRA~1\QGIS34~1.9>set PDAL_DRIVER_PATH=C:\PROGRA~1\QGIS34~1.9\apps\pdal\plugins 

C:\PROGRA~1\QGIS34~1.9>call "C:\PROGRA~1\QGIS34~1.9\etc\ini\proj-runtime-data.bat" 

C:\PROGRA~1\QGIS34~1.9>SET PROJ_DATA=C:\PROGRA~1\QGIS34~1.9\share\proj 

C:\PROGRA~1\QGIS34~1.9>call "C:\PROGRA~1\QGIS34~1.9\etc\ini\python3.bat" 

C:\PROGRA~1\QGIS34~1.9>SET PYTHONHOME=C:\PROGRA~1\QGIS34~1.9\apps\Python312 

C:\PROGRA~1\QGIS34~1.9>SET PYTHONPATH= 

C:\PROGRA~1\QGIS34~1.9>SET PYTHONUTF8=1 

C:\PROGRA~1\QGIS34~1.9>PATH C:\PROGRA~1\QGIS34~1.9\apps\Python312\Scripts;C:\PROGRA~1\QGIS34~1.9\bin;C:\WINDOWS\system32;C:\WINDOWS;C:\WINDOWS\system32\WBem 

C:\PROGRA~1\QGIS34~1.9>call "C:\PROGRA~1\QGIS34~1.9\etc\ini\qt5.bat" 

C:\PROGRA~1\QGIS34~1.9>path C:\PROGRA~1\QGIS34~1.9\apps\qt5\bin;C:\PROGRA~1\QGIS34~1.9\apps\Python312\Scripts;C:\PROGRA~1\QGIS34~1.9\bin;C:\WINDOWS\system32;C:\WINDOWS;C:\WINDOWS\system32\WBem 

C:\PROGRA~1\QGIS34~1.9>set QT_PLUGIN_PATH=C:\PROGRA~1\QGIS34~1.9\apps\Qt5\plugins 

C:\PROGRA~1\QGIS34~1.9>set O4W_QT_PREFIX=C:/PROGRA~1/QGIS34~1.9/apps/Qt5 

C:\PROGRA~1\QGIS34~1.9>set O4W_QT_BINARIES=C:/PROGRA~1/QGIS34~1.9/apps/Qt5/bin 

C:\PROGRA~1\QGIS34~1.9>set O4W_QT_PLUGINS=C:/PROGRA~1/QGIS34~1.9/apps/Qt5/plugins 

C:\PROGRA~1\QGIS34~1.9>set O4W_QT_LIBRARIES=C:/PROGRA~1/QGIS34~1.9/apps/Qt5/lib 

C:\PROGRA~1\QGIS34~1.9>set O4W_QT_TRANSLATIONS=C:/PROGRA~1/QGIS34~1.9/apps/Qt5/translations 

C:\PROGRA~1\QGIS34~1.9>set O4W_QT_HEADERS=C:/PROGRA~1/QGIS34~1.9/apps/Qt5/include 

C:\PROGRA~1\QGIS34~1.9>set O4W_QT_DOC=C:/PROGRA~1/QGIS34~1.9/apps/Qt5/doc 

C:\PROGRA~1\QGIS34~1.9>popd

C:\PROGRA~1\QGIS34~1.9>set APPNAME=QGIS Desktop 3.40.9 

C:\PROGRA~1\QGIS34~1.9>for %i in ("C:\ProgramData\Microsoft\Windows\Start Menu\Programs\QGIS 3.40.9") do set QGIS_WIN_APP_NAME=%~ni\QGIS Desktop 3.40.9 

C:\PROGRA~1\QGIS34~1.9>set QGIS_WIN_APP_NAME=QGIS 3.40\QGIS Desktop 3.40.9 

C:\PROGRA~1\QGIS34~1.9>call "C:\PROGRA~1\QGIS34~1.9\bin\qgis-ltr.bat" --postinstall 
Не удается найти C:\PROGRA~1\QGIS34~1.9\apps\qgis-ltr\grass\*.pyc

C:\PROGRA~1\QGIS34~1.9>set e=0 

C:\PROGRA~1\QGIS34~1.9>ren "C:\PROGRA~1\QGIS34~1.9\etc\postinstall\qgis-ltr-grass-plugin.bat" qgis-ltr-grass-plugin.bat.done 
--------------------------------------------------------------------------------
23.07.2025  1:24:22,88: Done postinstall qgis-ltr-grass-plugin.bat [0].


23.07.2025  1:24:22,89: Running postinstall qgis-ltr.bat...
--------------------------------------------------------------------------------

C:\PROGRA~1\QGIS34~1.9>C:\WINDOWS\system32\cmd.exe /c "C:\PROGRA~1\QGIS34~1.9\etc\postinstall\qgis-ltr.bat" 

C:\PROGRA~1\QGIS34~1.9>call "C:\PROGRA~1\QGIS34~1.9\bin\o4w_env.bat" 

C:\PROGRA~1\QGIS34~1.9>REM Make parent of this script location our current directory, 

C:\PROGRA~1\QGIS34~1.9>REM converting UNC path to drive letter if needed 

C:\PROGRA~1\QGIS34~1.9>pushd C:\PROGRA~1\QGIS34~1.9\bin\ 

C:\PROGRA~1\QGIS34~1.9\bin>cd .. 

C:\PROGRA~1\QGIS34~1.9>REM set OSGEO4W_ROOT to short path version 

C:\PROGRA~1\QGIS34~1.9>for %i in ("C:\PROGRA~1\QGIS34~1.9") do set OSGEO4W_ROOT=%~fsi 

C:\PROGRA~1\QGIS34~1.9>set OSGEO4W_ROOT=C:\PROGRA~1\QGIS34~1.9 

C:\PROGRA~1\QGIS34~1.9>REM start with clean path 

C:\PROGRA~1\QGIS34~1.9>set path=C:\PROGRA~1\QGIS34~1.9\bin;C:\WINDOWS\system32;C:\WINDOWS;C:\WINDOWS\system32\WBem 

C:\PROGRA~1\QGIS34~1.9>for %f in ("C:\PROGRA~1\QGIS34~1.9\etc\ini\*.bat") do call "%f" 

C:\PROGRA~1\QGIS34~1.9>call "C:\PROGRA~1\QGIS34~1.9\etc\ini\base.bat" 

C:\PROGRA~1\QGIS34~1.9>rem This is just a dummy to make sure the for loop in ..\..\osgeo4w.bat 

C:\PROGRA~1\QGIS34~1.9>rem always has some files to process. 

C:\PROGRA~1\QGIS34~1.9>call "C:\PROGRA~1\QGIS34~1.9\etc\ini\gdal.bat" 

C:\PROGRA~1\QGIS34~1.9>SET GDAL_DATA=C:\PROGRA~1\QGIS34~1.9\apps\gdal\share\gdal 

C:\PROGRA~1\QGIS34~1.9>SET GDAL_DRIVER_PATH=C:\PROGRA~1\QGIS34~1.9\apps\gdal\lib\gdalplugins 

C:\PROGRA~1\QGIS34~1.9>call "C:\PROGRA~1\QGIS34~1.9\etc\ini\gs.bat" 

C:\PROGRA~1\QGIS34~1.9>set GS_LIB=C:\PROGRA~1\QGIS34~1.9\apps\gs\lib 

C:\PROGRA~1\QGIS34~1.9>call "C:\PROGRA~1\QGIS34~1.9\etc\ini\openssl.bat" 

C:\PROGRA~1\QGIS34~1.9>set OPENSSL_ENGINES=C:\PROGRA~1\QGIS34~1.9\lib\engines-3 

C:\PROGRA~1\QGIS34~1.9>set SSL_CERT_FILE=C:\PROGRA~1\QGIS34~1.9\bin\curl-ca-bundle.crt 

C:\PROGRA~1\QGIS34~1.9>set SSL_CERT_DIR=C:\PROGRA~1\QGIS34~1.9\apps\openssl\certs 

C:\PROGRA~1\QGIS34~1.9>call "C:\PROGRA~1\QGIS34~1.9\etc\ini\pdal-libs.bat" 

C:\PROGRA~1\QGIS34~1.9>set PDAL_DRIVER_PATH=C:\PROGRA~1\QGIS34~1.9\apps\pdal\plugins 

C:\PROGRA~1\QGIS34~1.9>call "C:\PROGRA~1\QGIS34~1.9\etc\ini\proj-runtime-data.bat" 

C:\PROGRA~1\QGIS34~1.9>SET PROJ_DATA=C:\PROGRA~1\QGIS34~1.9\share\proj 

C:\PROGRA~1\QGIS34~1.9>call "C:\PROGRA~1\QGIS34~1.9\etc\ini\python3.bat" 

C:\PROGRA~1\QGIS34~1.9>SET PYTHONHOME=C:\PROGRA~1\QGIS34~1.9\apps\Python312 

C:\PROGRA~1\QGIS34~1.9>SET PYTHONPATH= 

C:\PROGRA~1\QGIS34~1.9>SET PYTHONUTF8=1 

C:\PROGRA~1\QGIS34~1.9>PATH C:\PROGRA~1\QGIS34~1.9\apps\Python312\Scripts;C:\PROGRA~1\QGIS34~1.9\bin;C:\WINDOWS\system32;C:\WINDOWS;C:\WINDOWS\system32\WBem 

C:\PROGRA~1\QGIS34~1.9>call "C:\PROGRA~1\QGIS34~1.9\etc\ini\qt5.bat" 

C:\PROGRA~1\QGIS34~1.9>path C:\PROGRA~1\QGIS34~1.9\apps\qt5\bin;C:\PROGRA~1\QGIS34~1.9\apps\Python312\Scripts;C:\PROGRA~1\QGIS34~1.9\bin;C:\WINDOWS\system32;C:\WINDOWS;C:\WINDOWS\system32\WBem 

C:\PROGRA~1\QGIS34~1.9>set QT_PLUGIN_PATH=C:\PROGRA~1\QGIS34~1.9\apps\Qt5\plugins 

C:\PROGRA~1\QGIS34~1.9>set O4W_QT_PREFIX=C:/PROGRA~1/QGIS34~1.9/apps/Qt5 

C:\PROGRA~1\QGIS34~1.9>set O4W_QT_BINARIES=C:/PROGRA~1/QGIS34~1.9/apps/Qt5/bin 

C:\PROGRA~1\QGIS34~1.9>set O4W_QT_PLUGINS=C:/PROGRA~1/QGIS34~1.9/apps/Qt5/plugins 

C:\PROGRA~1\QGIS34~1.9>set O4W_QT_LIBRARIES=C:/PROGRA~1/QGIS34~1.9/apps/Qt5/lib 

C:\PROGRA~1\QGIS34~1.9>set O4W_QT_TRANSLATIONS=C:/PROGRA~1/QGIS34~1.9/apps/Qt5/translations 

C:\PROGRA~1\QGIS34~1.9>set O4W_QT_HEADERS=C:/PROGRA~1/QGIS34~1.9/apps/Qt5/include 

C:\PROGRA~1\QGIS34~1.9>set O4W_QT_DOC=C:/PROGRA~1/QGIS34~1.9/apps/Qt5/doc 

C:\PROGRA~1\QGIS34~1.9>popd

C:\PROGRA~1\QGIS34~1.9>if not defined OSGEO4W_DESKTOP for /F "tokens=* USEBACKQ" %F IN (`getspecialfolder Desktop`) do set OSGEO4W_DESKTOP=%F 

C:\PROGRA~1\QGIS34~1.9>for /F "tokens=* USEBACKQ" %F IN (`getspecialfolder Documents`) do set DOCUMENTS=%F 

C:\PROGRA~1\QGIS34~1.9>set DOCUMENTS=C:\Users\Admin\Documents 

C:\PROGRA~1\QGIS34~1.9>set APPNAME=QGIS Desktop 3.40.9 

C:\PROGRA~1\QGIS34~1.9>for %i in ("C:\ProgramData\Microsoft\Windows\Start Menu\Programs\QGIS 3.40.9") do set QGIS_WIN_APP_NAME=%~ni\QGIS Desktop 3.40.9 

C:\PROGRA~1\QGIS34~1.9>set QGIS_WIN_APP_NAME=QGIS 3.40\QGIS Desktop 3.40.9 

C:\PROGRA~1\QGIS34~1.9>call "C:\PROGRA~1\QGIS34~1.9\bin\qgis-ltr.bat" --postinstall 

C:\PROGRA~1\QGIS34~1.9>if not 1 == 0 if not exist "C:\ProgramData\Microsoft\Windows\Start Menu\Programs\QGIS 3.40.9" mkdir "C:\ProgramData\Microsoft\Windows\Start Menu\Programs\QGIS 3.40.9" 

C:\PROGRA~1\QGIS34~1.9>if not 1 == 0 if not exist "C:\Users\Public\Desktop\QGIS 3.40.9" mkdir "C:\Users\Public\Desktop\QGIS 3.40.9" 

C:\PROGRA~1\QGIS34~1.9>if not 1 == 0 xxmklink "C:\ProgramData\Microsoft\Windows\Start Menu\Programs\QGIS 3.40.9\QGIS Desktop 3.40.9.lnk" "C:\PROGRA~1\QGIS34~1.9\bin\qgis-ltr-bin.exe" "" "C:\Users\Admin\Documents" 

XXMkLink     ver 1.00    (c)2005 Copyright  Pixelab, Inc.

The shortut created as follows

Shortcut path:     C:\ProgramData\Microsoft\Windows\Start Menu\Programs\QGIS 3.40.9\QGIS Desktop 3.40.9.lnk
Target object:     C:\PROGRA~1\QGIS34~1.9\bin\qgis-ltr-bin.exe
Arguments;         
Working Directory: C:\Users\Admin\Documents
Description:       
Display Mode:      Normal Window (1)
Icon file:         


C:\PROGRA~1\QGIS34~1.9>if not 1 == 0 xxmklink "C:\Users\Public\Desktop\QGIS 3.40.9\QGIS Desktop 3.40.9.lnk" "C:\PROGRA~1\QGIS34~1.9\bin\qgis-ltr-bin.exe" "" "C:\Users\Admin\Documents" 

XXMkLink     ver 1.00    (c)2005 Copyright  Pixelab, Inc.

The shortut created as follows

Shortcut path:     C:\Users\Public\Desktop\QGIS 3.40.9\QGIS Desktop 3.40.9.lnk
Target object:     C:\PROGRA~1\QGIS34~1.9\bin\qgis-ltr-bin.exe
Arguments;         
Working Directory: C:\Users\Admin\Documents
Description:       
Display Mode:      Normal Window (1)
Icon file:         


C:\PROGRA~1\QGIS34~1.9>if not 1 == 0 xxmklink "C:\ProgramData\Microsoft\Windows\Start Menu\Programs\QGIS 3.40.9\Qt Designer with QGIS 3.40.9 custom widgets.lnk" "C:\PROGRA~1\QGIS34~1.9\bin\bgspawn.exe" "\"C:\PROGRA~1\QGIS34~1.9\bin\qgis-ltr-designer.bat\"" "C:\Users\Admin\Documents" "" 1 "C:\PROGRA~1\QGIS34~1.9\apps\qgis-ltr\icons\QGIS.ico" 

XXMkLink     ver 1.00    (c)2005 Copyright  Pixelab, Inc.

The shortut created as follows

Shortcut path:     C:\ProgramData\Microsoft\Windows\Start Menu\Programs\QGIS 3.40.9\Qt Designer with QGIS 3.40.9 custom widgets.lnk
Target object:     C:\PROGRA~1\QGIS34~1.9\bin\bgspawn.exe
Arguments;         "C:\PROGRA~1\QGIS34~1.9\bin\qgis-ltr-designer.bat"
Working Directory: C:\Users\Admin\Documents
Description:       
Display Mode:      Normal Window (1)
Icon file:         C:\PROGRA~1\QGIS34~1.9\apps\qgis-ltr\icons\QGIS.ico


C:\PROGRA~1\QGIS34~1.9>if not 1 == 0 xxmklink "C:\Users\Public\Desktop\QGIS 3.40.9\Qt Designer with QGIS 3.40.9 custom widgets.lnk" "C:\PROGRA~1\QGIS34~1.9\bin\bgspawn.exe" "\"C:\PROGRA~1\QGIS34~1.9\bin\qgis-ltr-designer.bat\"" "C:\Users\Admin\Documents" "" 1 "C:\PROGRA~1\QGIS34~1.9\apps\qgis-ltr\icons\QGIS.ico" 

XXMkLink     ver 1.00    (c)2005 Copyright  Pixelab, Inc.

The shortut created as follows

Shortcut path:     C:\Users\Public\Desktop\QGIS 3.40.9\Qt Designer with QGIS 3.40.9 custom widgets.lnk
Target object:     C:\PROGRA~1\QGIS34~1.9\bin\bgspawn.exe
Arguments;         "C:\PROGRA~1\QGIS34~1.9\bin\qgis-ltr-designer.bat"
Working Directory: C:\Users\Admin\Documents
Description:       
Display Mode:      Normal Window (1)
Icon file:         C:\PROGRA~1\QGIS34~1.9\apps\qgis-ltr\icons\QGIS.ico


C:\PROGRA~1\QGIS34~1.9>set O4W_ROOT=C:\PROGRA~1\QGIS34~1.9 

C:\PROGRA~1\QGIS34~1.9>set OSGEO4W_ROOT=C:\\PROGRA~1\\QGIS34~1.9 

C:\PROGRA~1\QGIS34~1.9>textreplace -std -t "C:\PROGRA~1\QGIS34~1.9\apps\qgis-ltr\bin\qgis.reg" 

C:\PROGRA~1\QGIS34~1.9>set OSGEO4W_ROOT=C:\PROGRA~1\QGIS34~1.9 

C:\PROGRA~1\QGIS34~1.9>REM Do not register extensions if release is installed 

C:\PROGRA~1\QGIS34~1.9>if not exist "C:\PROGRA~1\QGIS34~1.9\apps\qgis\bin\qgis.reg" "C:\WINDOWS\regedit" /s "C:\PROGRA~1\QGIS34~1.9\apps\qgis-ltr\bin\qgis.reg" 

C:\PROGRA~1\QGIS34~1.9>del /s /q "C:\PROGRA~1\QGIS34~1.9\apps\qgis-ltr\python\*.pyc" 
Не удается найти C:\PROGRA~1\QGIS34~1.9\apps\qgis-ltr\python\*.pyc

C:\PROGRA~1\QGIS34~1.9>if exist "C:\PROGRA~1\QGIS34~1.9\apps\qgis-ltr\python\plugins\sagaprovider" rd /s /q "C:\PROGRA~1\QGIS34~1.9\apps\qgis-ltr\python\plugins\sagaprovider" 

C:\PROGRA~1\QGIS34~1.9>exit /b 0 

C:\PROGRA~1\QGIS34~1.9>set e=0 

C:\PROGRA~1\QGIS34~1.9>ren "C:\PROGRA~1\QGIS34~1.9\etc\postinstall\qgis-ltr.bat" qgis-ltr.bat.done 
--------------------------------------------------------------------------------
23.07.2025  1:24:23,62: Done postinstall qgis-ltr.bat [0].


23.07.2025  1:24:23,62: Running postinstall saga.bat...
--------------------------------------------------------------------------------

C:\PROGRA~1\QGIS34~1.9>C:\WINDOWS\system32\cmd.exe /c "C:\PROGRA~1\QGIS34~1.9\etc\postinstall\saga.bat" 

C:\PROGRA~1\QGIS34~1.9>if not defined OSGEO4W_DESKTOP for /F "tokens=* USEBACKQ" %F IN (`getspecialfolder Desktop`) do set OSGEO4W_DESKTOP=%F 

C:\PROGRA~1\QGIS34~1.9>for /F "tokens=* USEBACKQ" %F IN (`getspecialfolder Documents`) do set DOCUMENTS=%F 

C:\PROGRA~1\QGIS34~1.9>set DOCUMENTS=C:\Users\Admin\Documents 

C:\PROGRA~1\QGIS34~1.9>if not 1 == 0 if not exist "C:\ProgramData\Microsoft\Windows\Start Menu\Programs\QGIS 3.40.9" mkdir "C:\ProgramData\Microsoft\Windows\Start Menu\Programs\QGIS 3.40.9" 

C:\PROGRA~1\QGIS34~1.9>if not 1 == 0 if not exist "C:\Users\Public\Desktop\QGIS 3.40.9" mkdir "C:\Users\Public\Desktop\QGIS 3.40.9" 

C:\PROGRA~1\QGIS34~1.9>if not 1 == 0 xxmklink "C:\ProgramData\Microsoft\Windows\Start Menu\Programs\QGIS 3.40.9\SAGA GIS 9.8.1.lnk" "C:\PROGRA~1\QGIS34~1.9\bin\bgspawn.exe" "\"C:\PROGRA~1\QGIS34~1.9\bin\saga_gui.bat\"" "C:\Users\Admin\Documents" "" 1 "C:\PROGRA~1\QGIS34~1.9\apps\saga\saga_gui.exe" 

XXMkLink     ver 1.00    (c)2005 Copyright  Pixelab, Inc.

The shortut created as follows

Shortcut path:     C:\ProgramData\Microsoft\Windows\Start Menu\Programs\QGIS 3.40.9\SAGA GIS 9.8.1.lnk
Target object:     C:\PROGRA~1\QGIS34~1.9\bin\bgspawn.exe
Arguments;         "C:\PROGRA~1\QGIS34~1.9\bin\saga_gui.bat"
Working Directory: C:\Users\Admin\Documents
Description:       
Display Mode:      Normal Window (1)
Icon file:         C:\PROGRA~1\QGIS34~1.9\apps\saga\saga_gui.exe


C:\PROGRA~1\QGIS34~1.9>if not 1 == 0 xxmklink "C:\Users\Public\Desktop\QGIS 3.40.9\SAGA GIS 9.8.1.lnk" "C:\PROGRA~1\QGIS34~1.9\bin\bgspawn.exe" "\"C:\PROGRA~1\QGIS34~1.9\bin\saga_gui.bat\"" "C:\Users\Admin\Documents" "" 1 "C:\PROGRA~1\QGIS34~1.9\apps\saga\saga_gui.exe" 

XXMkLink     ver 1.00    (c)2005 Copyright  Pixelab, Inc.

The shortut created as follows

Shortcut path:     C:\Users\Public\Desktop\QGIS 3.40.9\SAGA GIS 9.8.1.lnk
Target object:     C:\PROGRA~1\QGIS34~1.9\bin\bgspawn.exe
Arguments;         "C:\PROGRA~1\QGIS34~1.9\bin\saga_gui.bat"
Working Directory: C:\Users\Admin\Documents
Description:       
Display Mode:      Normal Window (1)
Icon file:         C:\PROGRA~1\QGIS34~1.9\apps\saga\saga_gui.exe


C:\PROGRA~1\QGIS34~1.9>del C:\PROGRA~1\QGIS34~1.9\saga_gui.ini 
Не удается найти C:\PROGRA~1\QGIS34~1.9\saga_gui.ini

C:\PROGRA~1\QGIS34~1.9>set e=0 

C:\PROGRA~1\QGIS34~1.9>ren "C:\PROGRA~1\QGIS34~1.9\etc\postinstall\saga.bat" saga.bat.done 
--------------------------------------------------------------------------------
23.07.2025  1:24:23,90: Done postinstall saga.bat [0].


23.07.2025  1:24:23,91: Running postinstall setup.bat...
--------------------------------------------------------------------------------

C:\PROGRA~1\QGIS34~1.9>C:\WINDOWS\system32\cmd.exe /c "C:\PROGRA~1\QGIS34~1.9\etc\postinstall\setup.bat" 

C:\PROGRA~1\QGIS34~1.9>for /F "tokens=* USEBACKQ" %F IN (`getspecialfolder Documents`) do set DOCUMENTS=%F 

C:\PROGRA~1\QGIS34~1.9>set DOCUMENTS=C:\Users\Admin\Documents 

C:\PROGRA~1\QGIS34~1.9>if not 1 == 0 if not exist "C:\ProgramData\Microsoft\Windows\Start Menu\Programs\QGIS 3.40.9" mkdir "C:\ProgramData\Microsoft\Windows\Start Menu\Programs\QGIS 3.40.9" 

C:\PROGRA~1\QGIS34~1.9>if not 1 == 0 xxmklink "C:\ProgramData\Microsoft\Windows\Start Menu\Programs\QGIS 3.40.9\Setup.lnk" "C:\PROGRA~1\QGIS34~1.9\bin\elevate.exe" "\"C:\PROGRA~1\QGIS34~1.9\bin\setup.bat\"" "C:\Users\Admin\Documents" "" 1 "C:\PROGRA~1\QGIS34~1.9\osgeo4w.ico" 

XXMkLink     ver 1.00    (c)2005 Copyright  Pixelab, Inc.

The shortut created as follows

Shortcut path:     C:\ProgramData\Microsoft\Windows\Start Menu\Programs\QGIS 3.40.9\Setup.lnk
Target object:     C:\PROGRA~1\QGIS34~1.9\bin\elevate.exe
Arguments;         "C:\PROGRA~1\QGIS34~1.9\bin\setup.bat"
Working Directory: C:\Users\Admin\Documents
Description:       
Display Mode:      Normal Window (1)
Icon file:         C:\PROGRA~1\QGIS34~1.9\osgeo4w.ico


C:\PROGRA~1\QGIS34~1.9>if not 1 == 0 if not exist "C:\Users\Public\Desktop\QGIS 3.40.9" mkdir "C:\Users\Public\Desktop\QGIS 3.40.9" 

C:\PROGRA~1\QGIS34~1.9>if not 1 == 0 xxmklink "C:\Users\Public\Desktop\QGIS 3.40.9\OSGeo4W Setup.lnk" "C:\PROGRA~1\QGIS34~1.9\bin\elevate.exe" "\"C:\PROGRA~1\QGIS34~1.9\bin\setup.bat\"" "C:\Users\Admin\Documents" "" 1 "C:\PROGRA~1\QGIS34~1.9\osgeo4w.ico" 

XXMkLink     ver 1.00    (c)2005 Copyright  Pixelab, Inc.

The shortut created as follows

Shortcut path:     C:\Users\Public\Desktop\QGIS 3.40.9\OSGeo4W Setup.lnk
Target object:     C:\PROGRA~1\QGIS34~1.9\bin\elevate.exe
Arguments;         "C:\PROGRA~1\QGIS34~1.9\bin\setup.bat"
Working Directory: C:\Users\Admin\Documents
Description:       
Display Mode:      Normal Window (1)
Icon file:         C:\PROGRA~1\QGIS34~1.9\osgeo4w.ico


C:\PROGRA~1\QGIS34~1.9>textreplace -std -t bin\setup.bat 

C:\PROGRA~1\QGIS34~1.9>set e=0 

C:\PROGRA~1\QGIS34~1.9>ren "C:\PROGRA~1\QGIS34~1.9\etc\postinstall\setup.bat" setup.bat.done 
--------------------------------------------------------------------------------
23.07.2025  1:24:24,22: Done postinstall setup.bat [0].


C:\PROGRA~1\QGIS34~1.9>exit /b 0 
